[2021-12-19 11:53:22] production.ERROR: Command "jwt:generate" is not defined.

Did you mean one of these?
    event:generate
    jwt:secret
    key:generate {"exception":"[object] (Symfony\\Component\\Console\\Exception\\CommandNotFoundException(code: 0): Command \"jwt:generate\" is not defined.

Did you mean one of these?
    event:generate
    jwt:secret
    key:generate at /Users/davidvictoria/PhpstormProjects/bolsa-back/app/vendor/symfony/console/Application.php:709)
[stacktrace]
#0 /Users/davidvictoria/PhpstormProjects/bolsa-back/app/vendor/symfony/console/Application.php(259): Symfony\\Component\\Console\\Application->find('jwt:generate')
#1 /Users/davidvictoria/PhpstormProjects/bolsa-back/app/vendor/symfony/console/Application.php(171): Symfony\\Component\\Console\\Application->doRun(Object(Symfony\\Component\\Console\\Input\\ArgvInput), Object(Symfony\\Component\\Console\\Output\\ConsoleOutput))
#2 /Users/davidvictoria/PhpstormProjects/bolsa-back/app/vendor/laravel/framework/src/Illuminate/Console/Application.php(94): Symfony\\Component\\Console\\Application->run(Object(Symfony\\Component\\Console\\Input\\ArgvInput), Object(Symfony\\Component\\Console\\Output\\ConsoleOutput))
#3 /Users/davidvictoria/PhpstormProjects/bolsa-back/app/vendor/laravel/framework/src/Illuminate/Foundation/Console/Kernel.php(129): Illuminate\\Console\\Application->run(Object(Symfony\\Component\\Console\\Input\\ArgvInput), Object(Symfony\\Component\\Console\\Output\\ConsoleOutput))
#4 /Users/davidvictoria/PhpstormProjects/bolsa-back/app/artisan(37): Illuminate\\Foundation\\Console\\Kernel->handle(Object(Symfony\\Component\\Console\\Input\\ArgvInput), Object(Symfony\\Component\\Console\\Output\\ConsoleOutput))
#5 {main}
"} 
[2021-12-19 11:54:04] local.ERROR: There are no commands defined in the "generate" namespace. {"exception":"[object] (Symfony\\Component\\Console\\Exception\\NamespaceNotFoundException(code: 0): There are no commands defined in the \"generate\" namespace. at /Users/davidvictoria/PhpstormProjects/bolsa-back/app/vendor/symfony/console/Application.php:639)
[stacktrace]
#0 /Users/davidvictoria/PhpstormProjects/bolsa-back/app/vendor/symfony/console/Application.php(690): Symfony\\Component\\Console\\Application->findNamespace('generate')
#1 /Users/davidvictoria/PhpstormProjects/bolsa-back/app/vendor/symfony/console/Application.php(259): Symfony\\Component\\Console\\Application->find('generate:key')
#2 /Users/davidvictoria/PhpstormProjects/bolsa-back/app/vendor/symfony/console/Application.php(171): Symfony\\Component\\Console\\Application->doRun(Object(Symfony\\Component\\Console\\Input\\ArgvInput), Object(Symfony\\Component\\Console\\Output\\ConsoleOutput))
#3 /Users/davidvictoria/PhpstormProjects/bolsa-back/app/vendor/laravel/framework/src/Illuminate/Console/Application.php(94): Symfony\\Component\\Console\\Application->run(Object(Symfony\\Component\\Console\\Input\\ArgvInput), Object(Symfony\\Component\\Console\\Output\\ConsoleOutput))
#4 /Users/davidvictoria/PhpstormProjects/bolsa-back/app/vendor/laravel/framework/src/Illuminate/Foundation/Console/Kernel.php(129): Illuminate\\Console\\Application->run(Object(Symfony\\Component\\Console\\Input\\ArgvInput), Object(Symfony\\Component\\Console\\Output\\ConsoleOutput))
#5 /Users/davidvictoria/PhpstormProjects/bolsa-back/app/artisan(37): Illuminate\\Foundation\\Console\\Kernel->handle(Object(Symfony\\Component\\Console\\Input\\ArgvInput), Object(Symfony\\Component\\Console\\Output\\ConsoleOutput))
#6 {main}
"} 
